<?xml version="1.0" encoding="UTF-8"?>
<coverage generated="1577557293754" clover="3.2.0">
  <project timestamp="1577557293754" name="All files">
    <metrics statements="56" coveredstatements="30" conditionals="20" coveredconditionals="10" methods="23" coveredmethods="11" elements="99" coveredelements="51" complexity="0" loc="56" ncloc="56" packages="6" files="6" classes="6"/>
    <package name="errorPanel">
      <metrics statements="4" coveredstatements="3" conditionals="0" coveredconditionals="0" methods="3" coveredmethods="2"/>
      <file name="errorPanel.js" path="/Volumes/UNTITLED/OnRecordingMachine/Module5/FinalSolution copy/myFirstLWCProject/force-app/main/default/lwc/errorPanel/errorPanel.js">
        <metrics statements="4" coveredstatements="3" conditionals="0" coveredconditionals="0" methods="3" coveredmethods="2"/>
        <line num="5" count="1" type="stmt"/>
        <line num="7" count="4" type="stmt"/>
        <line num="17" count="1" type="stmt"/>
        <line num="21" count="0" type="stmt"/>
      </file>
    </package>
    <package name="ldsUtils">
      <metrics statements="13" coveredstatements="9" conditionals="10" coveredconditionals="5" methods="6" coveredmethods="5"/>
      <file name="ldsUtils.js" path="/Volumes/UNTITLED/OnRecordingMachine/Module5/FinalSolution copy/myFirstLWCProject/force-app/main/default/lwc/ldsUtils/ldsUtils.js">
        <metrics statements="13" coveredstatements="9" conditionals="10" coveredconditionals="5" methods="6" coveredmethods="5"/>
        <line num="8" count="1" type="cond" truecount="1" falsecount="1"/>
        <line num="9" count="1" type="stmt"/>
        <line num="12" count="1" type="stmt"/>
        <line num="15" count="1" type="stmt"/>
        <line num="19" count="1" type="cond" truecount="1" falsecount="1"/>
        <line num="20" count="0" type="stmt"/>
        <line num="23" count="1" type="cond" truecount="3" falsecount="1"/>
        <line num="24" count="1" type="stmt"/>
        <line num="27" count="0" type="cond" truecount="0" falsecount="2"/>
        <line num="28" count="0" type="stmt"/>
        <line num="31" count="0" type="stmt"/>
        <line num="34" count="1" type="stmt"/>
        <line num="36" count="1" type="stmt"/>
      </file>
    </package>
    <package name="leadList">
      <metrics statements="21" coveredstatements="18" conditionals="6" coveredconditionals="5" methods="5" coveredmethods="4"/>
      <file name="leadList.js" path="/Volumes/UNTITLED/OnRecordingMachine/Module5/FinalSolution copy/myFirstLWCProject/force-app/main/default/lwc/leadList/leadList.js">
        <metrics statements="21" coveredstatements="18" conditionals="6" coveredconditionals="5" methods="5" coveredmethods="4"/>
        <line num="4" count="1" type="stmt"/>
        <line num="8" count="1" type="stmt"/>
        <line num="12" count="1" type="stmt"/>
        <line num="42" count="20" type="stmt"/>
        <line num="50" count="3" type="stmt"/>
        <line num="51" count="3" type="cond" truecount="1" falsecount="1"/>
        <line num="52" count="3" type="stmt"/>
        <line num="53" count="3" type="stmt"/>
        <line num="55" count="3" type="stmt"/>
        <line num="56" count="3" type="stmt"/>
        <line num="66" count="7" type="cond" truecount="2" falsecount="0"/>
        <line num="67" count="2" type="stmt"/>
        <line num="68" count="2" type="stmt"/>
        <line num="69" count="2" type="stmt"/>
        <line num="70" count="2" type="stmt"/>
        <line num="71" count="5" type="cond" truecount="2" falsecount="0"/>
        <line num="72" count="1" type="stmt"/>
        <line num="73" count="1" type="stmt"/>
        <line num="78" count="0" type="stmt"/>
        <line num="79" count="0" type="stmt"/>
        <line num="80" count="0" type="stmt"/>
      </file>
    </package>
    <package name="leadListItem">
      <metrics statements="1" coveredstatements="0" conditionals="0" coveredconditionals="0" methods="1" coveredmethods="0"/>
      <file name="leadListItem.js" path="/Volumes/UNTITLED/OnRecordingMachine/Module5/FinalSolution copy/myFirstLWCProject/force-app/main/default/lwc/leadListItem/leadListItem.js">
        <metrics statements="1" coveredstatements="0" conditionals="0" coveredconditionals="0" methods="1" coveredmethods="0"/>
        <line num="3" count="0" type="stmt"/>
      </file>
    </package>
    <package name="leadMap">
      <metrics statements="13" coveredstatements="0" conditionals="4" coveredconditionals="0" methods="5" coveredmethods="0"/>
      <file name="leadMap.js" path="/Volumes/UNTITLED/OnRecordingMachine/Module5/FinalSolution copy/myFirstLWCProject/force-app/main/default/lwc/leadMap/leadMap.js">
        <metrics statements="13" coveredstatements="0" conditionals="4" coveredconditionals="0" methods="5" coveredmethods="0"/>
        <line num="4" count="0" type="stmt"/>
        <line num="13" count="0" type="stmt"/>
        <line num="17" count="0" type="stmt"/>
        <line num="25" count="0" type="cond" truecount="0" falsecount="2"/>
        <line num="26" count="0" type="stmt"/>
        <line num="27" count="0" type="stmt"/>
        <line num="28" count="0" type="stmt"/>
        <line num="29" count="0" type="stmt"/>
        <line num="30" count="0" type="stmt"/>
        <line num="44" count="0" type="stmt"/>
        <line num="45" count="0" type="cond" truecount="0" falsecount="2"/>
        <line num="46" count="0" type="stmt"/>
        <line num="47" count="0" type="stmt"/>
      </file>
    </package>
    <package name="myFirstLWC">
      <metrics statements="4" coveredstatements="0" conditionals="0" coveredconditionals="0" methods="3" coveredmethods="0"/>
      <file name="myFirstLWC.js" path="/Volumes/UNTITLED/OnRecordingMachine/Module5/FinalSolution copy/myFirstLWCProject/force-app/main/default/lwc/myFirstLWC/myFirstLWC.js">
        <metrics statements="4" coveredstatements="0" conditionals="0" coveredconditionals="0" methods="3" coveredmethods="0"/>
        <line num="3" count="0" type="stmt"/>
        <line num="10" count="0" type="stmt"/>
        <line num="14" count="0" type="stmt"/>
        <line num="15" count="0" type="stmt"/>
      </file>
    </package>
  </project>
</coverage>
