{"/Volumes/UNTITLED/OnRecordingMachine/Module5/FinalSolution copy/myFirstLWCProject/force-app/main/default/lwc/errorPanel/errorPanel.js": {"path":"/Volumes/UNTITLED/OnRecordingMachine/Module5/FinalSolution copy/myFirstLWCProject/force-app/main/default/lwc/errorPanel/errorPanel.js","statementMap":{"0":{"start":{"line":5,"column":0},"end":{"line":5,"column":null}},"1":{"start":{"line":7,"column":57},"end":{"line":7,"column":null}},"2":{"start":{"line":17,"column":8},"end":{"line":17,"column":15}},"3":{"start":{"line":21,"column":8},"end":{"line":21,"column":27}},"4":{"start":{"line":7,"column":0},"end":{"line":7,"column":15}}},"fnMap":{"0":{"name":"(anonymous_1)","decl":{"start":{"line":7,"column":57},"end":{"line":7,"column":null}},"loc":{"start":{"line":7,"column":57},"end":{"line":7,"column":null}}},"1":{"name":"(anonymous_2)","decl":{"start":{"line":16,"column":4},"end":{"line":16,"column":24}},"loc":{"start":{"line":16,"column":24},"end":{"line":18,"column":null}}},"2":{"name":"(anonymous_3)","decl":{"start":{"line":20,"column":4},"end":{"line":20,"column":24}},"loc":{"start":{"line":20,"column":32},"end":{"line":22,"column":null}}}},"branchMap":{},"s":{"0":1,"1":4,"2":1,"3":0,"4":1},"f":{"0":1,"1":1,"2":0},"b":{}}
,"/Volumes/UNTITLED/OnRecordingMachine/Module5/FinalSolution copy/myFirstLWCProject/force-app/main/default/lwc/ldsUtils/ldsUtils.js": {"path":"/Volumes/UNTITLED/OnRecordingMachine/Module5/FinalSolution copy/myFirstLWCProject/force-app/main/default/lwc/ldsUtils/ldsUtils.js","statementMap":{"0":{"start":{"line":8,"column":4},"end":{"line":10,"column":null}},"1":{"start":{"line":9,"column":8},"end":{"line":9,"column":14}},"2":{"start":{"line":12,"column":4},"end":{"line":12,"column":null}},"3":{"start":{"line":15,"column":29},"end":{"line":13,"column":14}},"4":{"start":{"line":19,"column":16},"end":{"line":17,"column":null}},"5":{"start":{"line":20,"column":20},"end":{"line":20,"column":27}},"6":{"start":{"line":20,"column":47},"end":{"line":20,"column":27}},"7":{"start":{"line":23,"column":21},"end":{"line":17,"column":null}},"8":{"start":{"line":24,"column":20},"end":{"line":24,"column":27}},"9":{"start":{"line":27,"column":21},"end":{"line":17,"column":null}},"10":{"start":{"line":28,"column":20},"end":{"line":28,"column":27}},"11":{"start":{"line":31,"column":16},"end":{"line":31,"column":23}},"12":{"start":{"line":34,"column":36},"end":{"line":34,"column":40}},"13":{"start":{"line":36,"column":31},"end":{"line":12,"column":null}}},"fnMap":{"0":{"name":"reduceErrors","decl":{"start":{"line":7,"column":7},"end":{"line":7,"column":37}},"loc":{"start":{"line":7,"column":37},"end":{"line":38,"column":null}}},"1":{"name":"(anonymous_1)","decl":{"start":{"line":15,"column":20},"end":{"line":15,"column":25}},"loc":{"start":{"line":15,"column":29},"end":{"line":13,"column":14}}},"2":{"name":"(anonymous_2)","decl":{"start":{"line":17,"column":17},"end":{"line":17,"column":22}},"loc":{"start":{"line":17,"column":26},"end":{"line":13,"column":14}}},"3":{"name":"(anonymous_3)","decl":{"start":{"line":20,"column":42},"end":{"line":20,"column":43}},"loc":{"start":{"line":20,"column":47},"end":{"line":20,"column":27}}},"4":{"name":"(anonymous_4)","decl":{"start":{"line":34,"column":20},"end":{"line":34,"column":36}},"loc":{"start":{"line":34,"column":36},"end":{"line":34,"column":40}}},"5":{"name":"(anonymous_5)","decl":{"start":{"line":36,"column":20},"end":{"line":36,"column":27}},"loc":{"start":{"line":36,"column":31},"end":{"line":12,"column":null}}}},"branchMap":{"0":{"loc":{"start":{"line":8,"column":4},"end":{"line":10,"column":null}},"type":"if","locations":[{"start":{"line":8,"column":4},"end":{"line":10,"column":null}},{"start":{"line":8,"column":4},"end":{"line":10,"column":null}}]},"1":{"loc":{"start":{"line":19,"column":16},"end":{"line":17,"column":null}},"type":"if","locations":[{"start":{"line":19,"column":16},"end":{"line":17,"column":null}},{"start":{"line":19,"column":16},"end":{"line":17,"column":null}}]},"2":{"loc":{"start":{"line":23,"column":21},"end":{"line":17,"column":null}},"type":"if","locations":[{"start":{"line":23,"column":21},"end":{"line":17,"column":null}},{"start":{"line":23,"column":21},"end":{"line":17,"column":null}}]},"3":{"loc":{"start":{"line":23,"column":25},"end":{"line":23,"column":30}},"type":"binary-expr","locations":[{"start":{"line":23,"column":25},"end":{"line":23,"column":30}},{"start":{"line":23,"column":39},"end":{"line":23,"column":25}}]},"4":{"loc":{"start":{"line":27,"column":21},"end":{"line":17,"column":null}},"type":"if","locations":[{"start":{"line":27,"column":21},"end":{"line":17,"column":null}},{"start":{"line":27,"column":21},"end":{"line":17,"column":null}}]}},"s":{"0":1,"1":1,"2":1,"3":1,"4":1,"5":0,"6":0,"7":1,"8":1,"9":0,"10":0,"11":0,"12":1,"13":1},"f":{"0":1,"1":1,"2":1,"3":0,"4":1,"5":1},"b":{"0":[1,0],"1":[0,1],"2":[1,0],"3":[1,1],"4":[0,0]}}
,"/Volumes/UNTITLED/OnRecordingMachine/Module5/FinalSolution copy/myFirstLWCProject/force-app/main/default/lwc/leadList/leadList.js": {"path":"/Volumes/UNTITLED/OnRecordingMachine/Module5/FinalSolution copy/myFirstLWCProject/force-app/main/default/lwc/leadList/leadList.js","statementMap":{"0":{"start":{"line":4,"column":0},"end":{"line":4,"column":null}},"1":{"start":{"line":8,"column":0},"end":{"line":8,"column":6}},"2":{"start":{"line":12,"column":13},"end":{"line":12,"column":null}},"3":{"start":{"line":42,"column":72},"end":{"line":42,"column":null}},"4":{"start":{"line":50,"column":8},"end":{"line":50,"column":26}},"5":{"start":{"line":51,"column":8},"end":{"line":58,"column":null}},"6":{"start":{"line":52,"column":34},"end":{"line":52,"column":63}},"7":{"start":{"line":53,"column":12},"end":{"line":53,"column":18}},"8":{"start":{"line":55,"column":12},"end":{"line":55,"column":32}},"9":{"start":{"line":56,"column":16},"end":{"line":56,"column":null}},"10":{"start":{"line":66,"column":8},"end":{"line":74,"column":null}},"11":{"start":{"line":67,"column":12},"end":{"line":67,"column":null}},"12":{"start":{"line":68,"column":34},"end":{"line":68,"column":68}},"13":{"start":{"line":69,"column":12},"end":{"line":69,"column":null}},"14":{"start":{"line":70,"column":12},"end":{"line":70,"column":null}},"15":{"start":{"line":71,"column":15},"end":{"line":74,"column":null}},"16":{"start":{"line":72,"column":12},"end":{"line":72,"column":null}},"17":{"start":{"line":73,"column":12},"end":{"line":73,"column":null}},"18":{"start":{"line":78,"column":20},"end":{"line":78,"column":14}},"19":{"start":{"line":79,"column":8},"end":{"line":79,"column":null}},"20":{"start":{"line":80,"column":8},"end":{"line":80,"column":13}},"21":{"start":{"line":42,"column":0},"end":{"line":42,"column":15}}},"fnMap":{"0":{"name":"(anonymous_2)","decl":{"start":{"line":42,"column":72},"end":{"line":42,"column":null}},"loc":{"start":{"line":42,"column":72},"end":{"line":42,"column":null}}},"1":{"name":"(anonymous_3)","decl":{"start":{"line":49,"column":4},"end":{"line":49,"column":26}},"loc":{"start":{"line":49,"column":34},"end":{"line":60,"column":null}}},"2":{"name":"(anonymous_4)","decl":{"start":{"line":55,"column":43},"end":{"line":55,"column":49}},"loc":{"start":{"line":55,"column":49},"end":{"line":55,"column":43}}},"3":{"name":"(anonymous_5)","decl":{"start":{"line":65,"column":4},"end":{"line":65,"column":14}},"loc":{"start":{"line":65,"column":31},"end":{"line":75,"column":null}}},"4":{"name":"(anonymous_6)","decl":{"start":{"line":77,"column":4},"end":{"line":77,"column":19}},"loc":{"start":{"line":77,"column":27},"end":{"line":87,"column":null}}}},"branchMap":{"0":{"loc":{"start":{"line":51,"column":8},"end":{"line":58,"column":null}},"type":"if","locations":[{"start":{"line":51,"column":8},"end":{"line":58,"column":null}},{"start":{"line":51,"column":8},"end":{"line":58,"column":null}}]},"1":{"loc":{"start":{"line":66,"column":8},"end":{"line":74,"column":null}},"type":"if","locations":[{"start":{"line":66,"column":8},"end":{"line":74,"column":null}},{"start":{"line":66,"column":8},"end":{"line":74,"column":null}}]},"2":{"loc":{"start":{"line":71,"column":15},"end":{"line":74,"column":null}},"type":"if","locations":[{"start":{"line":71,"column":15},"end":{"line":74,"column":null}},{"start":{"line":71,"column":15},"end":{"line":74,"column":null}}]}},"s":{"0":1,"1":1,"2":1,"3":20,"4":3,"5":3,"6":3,"7":3,"8":3,"9":3,"10":7,"11":2,"12":2,"13":2,"14":2,"15":5,"16":1,"17":1,"18":0,"19":0,"20":0,"21":1},"f":{"0":4,"1":3,"2":3,"3":7,"4":0},"b":{"0":[3,0],"1":[2,5],"2":[1,4]}}
,"/Volumes/UNTITLED/OnRecordingMachine/Module5/FinalSolution copy/myFirstLWCProject/force-app/main/default/lwc/leadListItem/leadListItem.js": {"path":"/Volumes/UNTITLED/OnRecordingMachine/Module5/FinalSolution copy/myFirstLWCProject/force-app/main/default/lwc/leadListItem/leadListItem.js","statementMap":{"0":{"start":{"line":3,"column":59},"end":{"line":3,"column":null}},"1":{"start":{"line":3,"column":0},"end":{"line":3,"column":15}}},"fnMap":{"0":{"name":"(anonymous_1)","decl":{"start":{"line":3,"column":59},"end":{"line":3,"column":null}},"loc":{"start":{"line":3,"column":59},"end":{"line":3,"column":null}}}},"branchMap":{},"s":{"0":0,"1":0},"f":{"0":0},"b":{}}
,"/Volumes/UNTITLED/OnRecordingMachine/Module5/FinalSolution copy/myFirstLWCProject/force-app/main/default/lwc/leadMap/leadMap.js": {"path":"/Volumes/UNTITLED/OnRecordingMachine/Module5/FinalSolution copy/myFirstLWCProject/force-app/main/default/lwc/leadMap/leadMap.js","statementMap":{"0":{"start":{"line":4,"column":54},"end":{"line":4,"column":null}},"1":{"start":{"line":13,"column":8},"end":{"line":13,"column":15}},"2":{"start":{"line":17,"column":8},"end":{"line":17,"column":null}},"3":{"start":{"line":25,"column":8},"end":{"line":48,"column":null}},"4":{"start":{"line":26,"column":12},"end":{"line":26,"column":null}},"5":{"start":{"line":27,"column":12},"end":{"line":27,"column":null}},"6":{"start":{"line":28,"column":12},"end":{"line":28,"column":null}},"7":{"start":{"line":29,"column":12},"end":{"line":29,"column":27}},"8":{"start":{"line":30,"column":16},"end":{"line":30,"column":23}},"9":{"start":{"line":44,"column":12},"end":{"line":44,"column":null}},"10":{"start":{"line":45,"column":15},"end":{"line":48,"column":null}},"11":{"start":{"line":46,"column":12},"end":{"line":46,"column":null}},"12":{"start":{"line":47,"column":12},"end":{"line":47,"column":null}},"13":{"start":{"line":4,"column":0},"end":{"line":4,"column":15}}},"fnMap":{"0":{"name":"(anonymous_2)","decl":{"start":{"line":4,"column":54},"end":{"line":4,"column":null}},"loc":{"start":{"line":4,"column":54},"end":{"line":4,"column":null}}},"1":{"name":"(anonymous_3)","decl":{"start":{"line":12,"column":4},"end":{"line":12,"column":27}},"loc":{"start":{"line":12,"column":27},"end":{"line":14,"column":null}}},"2":{"name":"(anonymous_4)","decl":{"start":{"line":16,"column":4},"end":{"line":16,"column":27}},"loc":{"start":{"line":16,"column":27},"end":{"line":18,"column":null}}},"3":{"name":"(anonymous_5)","decl":{"start":{"line":24,"column":4},"end":{"line":24,"column":14}},"loc":{"start":{"line":24,"column":31},"end":{"line":49,"column":null}}},"4":{"name":"(anonymous_6)","decl":{"start":{"line":29,"column":36},"end":{"line":29,"column":40}},"loc":{"start":{"line":29,"column":44},"end":{"line":29,"column":27}}}},"branchMap":{"0":{"loc":{"start":{"line":25,"column":8},"end":{"line":48,"column":null}},"type":"if","locations":[{"start":{"line":25,"column":8},"end":{"line":48,"column":null}},{"start":{"line":25,"column":8},"end":{"line":48,"column":null}}]},"1":{"loc":{"start":{"line":45,"column":15},"end":{"line":48,"column":null}},"type":"if","locations":[{"start":{"line":45,"column":15},"end":{"line":48,"column":null}},{"start":{"line":45,"column":15},"end":{"line":48,"column":null}}]}},"s":{"0":0,"1":0,"2":0,"3":0,"4":0,"5":0,"6":0,"7":0,"8":0,"9":0,"10":0,"11":0,"12":0,"13":0},"f":{"0":0,"1":0,"2":0,"3":0,"4":0},"b":{"0":[0,0],"1":[0,0]}}
,"/Volumes/UNTITLED/OnRecordingMachine/Module5/FinalSolution copy/myFirstLWCProject/force-app/main/default/lwc/myFirstLWC/myFirstLWC.js": {"path":"/Volumes/UNTITLED/OnRecordingMachine/Module5/FinalSolution copy/myFirstLWCProject/force-app/main/default/lwc/myFirstLWC/myFirstLWC.js","statementMap":{"0":{"start":{"line":3,"column":57},"end":{"line":3,"column":null}},"1":{"start":{"line":10,"column":8},"end":{"line":10,"column":26}},"2":{"start":{"line":14,"column":8},"end":{"line":14,"column":27}},"3":{"start":{"line":15,"column":8},"end":{"line":15,"column":null}},"4":{"start":{"line":3,"column":0},"end":{"line":3,"column":15}}},"fnMap":{"0":{"name":"(anonymous_1)","decl":{"start":{"line":3,"column":57},"end":{"line":3,"column":null}},"loc":{"start":{"line":3,"column":57},"end":{"line":3,"column":null}}},"1":{"name":"(anonymous_2)","decl":{"start":{"line":9,"column":4},"end":{"line":9,"column":19}},"loc":{"start":{"line":9,"column":27},"end":{"line":11,"column":null}}},"2":{"name":"(anonymous_3)","decl":{"start":{"line":13,"column":4},"end":{"line":13,"column":24}},"loc":{"start":{"line":13,"column":32},"end":{"line":16,"column":null}}}},"branchMap":{},"s":{"0":0,"1":0,"2":0,"3":0,"4":0},"f":{"0":0,"1":0,"2":0},"b":{}}
}
