TN:
SF:/Volumes/UNTITLED/OnRecordingMachine/Module5/FinalSolution copy/myFirstLWCProject/force-app/main/default/lwc/errorPanel/errorPanel.js
FN:7,(anonymous_1)
FN:16,(anonymous_2)
FN:20,(anonymous_3)
FNF:3
FNH:2
FNDA:1,(anonymous_1)
FNDA:1,(anonymous_2)
FNDA:0,(anonymous_3)
DA:5,1
DA:7,4
DA:17,1
DA:21,0
LF:4
LH:3
BRF:0
BRH:0
end_of_record
TN:
SF:/Volumes/UNTITLED/OnRecordingMachine/Module5/FinalSolution copy/myFirstLWCProject/force-app/main/default/lwc/ldsUtils/ldsUtils.js
FN:7,reduceErrors
FN:15,(anonymous_1)
FN:17,(anonymous_2)
FN:20,(anonymous_3)
FN:34,(anonymous_4)
FN:36,(anonymous_5)
FNF:6
FNH:5
FNDA:1,reduceErrors
FNDA:1,(anonymous_1)
FNDA:1,(anonymous_2)
FNDA:0,(anonymous_3)
FNDA:1,(anonymous_4)
FNDA:1,(anonymous_5)
DA:8,1
DA:9,1
DA:12,1
DA:15,1
DA:19,1
DA:20,0
DA:23,1
DA:24,1
DA:27,0
DA:28,0
DA:31,0
DA:34,1
DA:36,1
LF:13
LH:9
BRDA:8,0,0,1
BRDA:8,0,1,0
BRDA:19,1,0,0
BRDA:19,1,1,1
BRDA:23,2,0,1
BRDA:23,2,1,0
BRDA:23,3,0,1
BRDA:23,3,1,1
BRDA:27,4,0,0
BRDA:27,4,1,0
BRF:10
BRH:5
end_of_record
TN:
SF:/Volumes/UNTITLED/OnRecordingMachine/Module5/FinalSolution copy/myFirstLWCProject/force-app/main/default/lwc/leadList/leadList.js
FN:42,(anonymous_2)
FN:49,(anonymous_3)
FN:55,(anonymous_4)
FN:65,(anonymous_5)
FN:77,(anonymous_6)
FNF:5
FNH:4
FNDA:4,(anonymous_2)
FNDA:3,(anonymous_3)
FNDA:3,(anonymous_4)
FNDA:7,(anonymous_5)
FNDA:0,(anonymous_6)
DA:4,1
DA:8,1
DA:12,1
DA:42,20
DA:50,3
DA:51,3
DA:52,3
DA:53,3
DA:55,3
DA:56,3
DA:66,7
DA:67,2
DA:68,2
DA:69,2
DA:70,2
DA:71,5
DA:72,1
DA:73,1
DA:78,0
DA:79,0
DA:80,0
LF:21
LH:18
BRDA:51,0,0,3
BRDA:51,0,1,0
BRDA:66,1,0,2
BRDA:66,1,1,5
BRDA:71,2,0,1
BRDA:71,2,1,4
BRF:6
BRH:5
end_of_record
TN:
SF:/Volumes/UNTITLED/OnRecordingMachine/Module5/FinalSolution copy/myFirstLWCProject/force-app/main/default/lwc/leadListItem/leadListItem.js
FN:3,(anonymous_1)
FNF:1
FNH:0
FNDA:0,(anonymous_1)
DA:3,0
LF:1
LH:0
BRF:0
BRH:0
end_of_record
TN:
SF:/Volumes/UNTITLED/OnRecordingMachine/Module5/FinalSolution copy/myFirstLWCProject/force-app/main/default/lwc/leadMap/leadMap.js
FN:4,(anonymous_2)
FN:12,(anonymous_3)
FN:16,(anonymous_4)
FN:24,(anonymous_5)
FN:29,(anonymous_6)
FNF:5
FNH:0
FNDA:0,(anonymous_2)
FNDA:0,(anonymous_3)
FNDA:0,(anonymous_4)
FNDA:0,(anonymous_5)
FNDA:0,(anonymous_6)
DA:4,0
DA:13,0
DA:17,0
DA:25,0
DA:26,0
DA:27,0
DA:28,0
DA:29,0
DA:30,0
DA:44,0
DA:45,0
DA:46,0
DA:47,0
LF:13
LH:0
BRDA:25,0,0,0
BRDA:25,0,1,0
BRDA:45,1,0,0
BRDA:45,1,1,0
BRF:4
BRH:0
end_of_record
TN:
SF:/Volumes/UNTITLED/OnRecordingMachine/Module5/FinalSolution copy/myFirstLWCProject/force-app/main/default/lwc/myFirstLWC/myFirstLWC.js
FN:3,(anonymous_1)
FN:9,(anonymous_2)
FN:13,(anonymous_3)
FNF:3
FNH:0
FNDA:0,(anonymous_1)
FNDA:0,(anonymous_2)
FNDA:0,(anonymous_3)
DA:3,0
DA:10,0
DA:14,0
DA:15,0
LF:4
LH:0
BRF:0
BRH:0
end_of_record
